<?xml version="1.0" encoding="UTF-8"?>
<beans xmlns="http://www.springframework.org/schema/beans"
	xmlns:xsi="http://www.w3.org/2001/XMLSchema-instance" xmlns:context="http://www.springframework.org/schema/context"
	xmlns:p="http://www.springframework.org/schema/p" xmlns:jdbc="http://www.springframework.org/schema/jdbc"
	xsi:schemaLocation="http://www.springframework.org/schema/jdbc http://www.springframework.org/schema/jdbc/spring-jdbc-3.0.xsd
		http://www.springframework.org/schema/beans http://www.springframework.org/schema/beans/spring-beans.xsd
		http://www.springframework.org/schema/context http://www.springframework.org/schema/context/spring-context-3.0.xsd">

	<import resource="configuration.xml" />
	
	<context:property-placeholder location="jdbc.properties"/>

	<bean id="dataSource"
		class="org.springframework.jdbc.datasource.DriverManagerDataSource">
		<property name="driverClassName" value="${jdbc.driverClassName}" />
		<property name="url" value="${jdbc.url}" />
		<property name="username" value="${jdbc.username}" />
		<property name="password" value="${jdbc.password}" />
	</bean>

	<bean id="libroJDBCTest" class="com.atrium.master.services.helper.LibroJDBCTest">
		<property name="dataSource" ref="dataSource" />
	</bean>

	<!-- Estas son los parametros para la conexiÃ³n JDBC, ademas de para crear 
		tablas e insertar datos iniciales utilizando sentencias .sql -->
	<!-- <context:property-placeholder location="jdbc.properties"/> -->

	<!-- <bean id="dataSource" class="org.springframework.jdbc.datasource.DriverManagerDataSource"> -->
	<!-- <property name="driverClassName" value="${jdbc.driverClassName}"/> -->
	<!-- <property name="url" value="${jdbc.url}"/> -->
	<!-- <property name="username" value="${jdbc.username}"/> -->
	<!-- <property name="password" value="${jdbc.password}"/> -->
	<!-- </bean> -->

	<!-- <jdbc:initialize-database data-source="dataSource"> -->
	<!-- <jdbc:script location="classpath:sql/schema-mysql.sql"/> -->
	<!-- <jdbc:script location="classpath:sql/test-data-mysql.sql"/> -->
	<!-- </jdbc:initialize-database> -->

</beans>
